<?xml version="1.0" encoding="UTF-8"?>
<!-- Generated by org.testng.reporters.JUnitReportReporter -->
<testsuite skipped="0" hostname="DESKTOP-DELL" name="com.weekend.task.GetDataExcel_PassTo_Class" tests="1" failures="0" timestamp="19 May 2021 18:55:40 GMT" time="0.374" errors="0">
  <testcase name="testGetDataMethod" time="0.374" classname="com.weekend.task.GetDataExcel_PassTo_Class"/>
</testsuite> <!-- com.weekend.task.GetDataExcel_PassTo_Class -->
